{"numTotalTestSuites":77,"numPassedTestSuites":67,"numFailedTestSuites":10,"numPendingTestSuites":0,"numTotalTests":179,"numPassedTests":169,"numFailedTests":10,"numPendingTests":0,"numTodoTests":0,"snapshot":{"added":0,"failure":false,"filesAdded":0,"filesRemoved":0,"filesRemovedList":[],"filesUnmatched":0,"filesUpdated":0,"matched":0,"total":0,"unchecked":0,"uncheckedKeysByFile":[],"unmatched":0,"updated":0,"didUpdate":false},"startTime":1780572793868,"success":false,"testResults":[{"assertionResults":[{"ancestorTitles":[],"fullName":"Basic","status":"passed","title":"Basic","duration":210,"failureMessages":[],"meta":{"storyId":"design-system-molecules-analyticsdisabledbanner--basic","reports":[]}}],"startTime":1780572848387,"endTime":1780572848597,"status":"passed","message":"","name":"/Users/joecarver/Repos/planx-new/apps/editor.planx.uk/src/components/AnalyticsDisabled/AnalyticsDisabledBanner.stories.tsx"},{"assertionResults":[{"ancestorTitles":[],"fullName":"Spinner","status":"passed","title":"Spinner","duration":252.20000000298023,"failureMessages":[],"meta":{"storyId":"design-system-molecules-delayedloadingindicator--spinner","reports":[]}},{"ancestorTitles":[],"fullName":"Text Only","status":"passed","title":"Text Only","duration":55.19999999552965,"failureMessages":[],"meta":{"storyId":"design-system-molecules-delayedloadingindicator--text-only","reports":[]}}],"startTime":1780572850653,"endTime":1780572850960.2,"status":"passed","message":"","name":"/Users/joecarver/Repos/planx-new/apps/editor.planx.uk/src/components/DelayedLoadingIndicator/DelayedLoadingIndicator.stories.tsx"},{"assertionResults":[{"ancestorTitles":[],"fullName":"Basic","status":"passed","title":"Basic","duration":211.10000000149012,"failureMessages":[],"meta":{"storyId":"design-system-molecules-downtimebanner--basic","reports":[]}}],"startTime":1780572851842,"endTime":1780572852053.1,"status":"passed","message":"","name":"/Users/joecarver/Repos/planx-new/apps/editor.planx.uk/src/components/DowntimeBanner/DowntimeBanner.stories.tsx"},{"assertionResults":[{"ancestorTitles":[],"fullName":"Basic","status":"passed","title":"Basic","duration":151.5,"failureMessages":[],"meta":{"storyId":"design-system-molecules-errorfallback--basic","reports":[]}}],"startTime":1780572859138,"endTime":1780572859289.5,"status":"passed","message":"","name":"/Users/joecarver/Repos/planx-new/apps/editor.planx.uk/src/components/Error/ErrorFallback.stories.tsx"},{"assertionResults":[{"ancestorTitles":[],"fullName":"Basic","status":"passed","title":"Basic","duration":115.5,"failureMessages":[],"meta":{"storyId":"design-system-molecules-feedback--basic","reports":[]}}],"startTime":1780572859337,"endTime":1780572859452.5,"status":"passed","message":"","name":"/Users/joecarver/Repos/planx-new/apps/editor.planx.uk/src/components/Feedback/index.stories.tsx"},{"assertionResults":[{"ancestorTitles":[],"fullName":"Basic","status":"passed","title":"Basic","duration":222.79999999701977,"failureMessages":[],"meta":{"storyId":"design-system-molecules-footer--basic","reports":[]}}],"startTime":1780572842339,"endTime":1780572842561.8,"status":"passed","message":"","name":"/Users/joecarver/Repos/planx-new/apps/editor.planx.uk/src/components/Footer/Footer.stories.tsx"},{"assertionResults":[{"ancestorTitles":[],"fullName":"Basic","status":"passed","title":"Basic","duration":274.5,"failureMessages":[],"meta":{"storyId":"design-system-molecules-header--basic","reports":[]}}],"startTime":1780572858444,"endTime":1780572858718.5,"status":"passed","message":"","name":"/Users/joecarver/Repos/planx-new/apps/editor.planx.uk/src/components/Header/Header.stories.tsx"},{"assertionResults":[{"ancestorTitles":[],"fullName":"Basic","status":"passed","title":"Basic","duration":206,"failureMessages":[],"meta":{"storyId":"design-system-pages-error--basic","reports":[]}}],"startTime":1780572832979,"endTime":1780572833185,"status":"passed","message":"","name":"/Users/joecarver/Repos/planx-new/apps/editor.planx.uk/src/pages/ErrorPage/ErrorPage.stories.tsx"},{"assertionResults":[{"ancestorTitles":[],"fullName":"Basic","status":"passed","title":"Basic","duration":547.8999999985099,"failureMessages":[],"meta":{"storyId":"design-system-pages-editorlogin--basic","reports":[]}}],"startTime":1780572853448,"endTime":1780572853995.9,"status":"passed","message":"","name":"/Users/joecarver/Repos/planx-new/apps/editor.planx.uk/src/pages/Login/Login.stories.tsx"},{"assertionResults":[{"ancestorTitles":[],"fullName":"Basic","status":"failed","title":"Basic","duration":518.1000000014901,"failureMessages":["AssertionError: Accessibility violations:\n\n[serious] link-name: Ensure links have discernible text\n    a[href$=\"mailto:undefined\"]\n    at http://localhost:63315/Users/joecarver/Repos/planx-new/apps/editor.planx.uk/.storybook/vitest.setup.ts?import&browserv=1780572795609:25:16"],"meta":{"storyId":"design-system-pages-invitetopay-applicantconfirmation--basic","reports":[]}}],"startTime":1780572810670,"endTime":1780572811188.1,"status":"failed","message":"","name":"/Users/joecarver/Repos/planx-new/apps/editor.planx.uk/src/pages/Pay/InviteToPay.stories.tsx"},{"assertionResults":[{"ancestorTitles":[],"fullName":"Basic","status":"failed","title":"Basic","duration":371.5,"failureMessages":["AssertionError: Accessibility violations:\n\n[moderate] landmark-main-is-top-level: Ensure the main landmark is at top level\n    #main-content\n\n[moderate] landmark-no-duplicate-main: Ensure the document has at most one main landmark\n    div:nth-child(5) > main\n\n[moderate] landmark-unique: Ensure landmarks are unique\n    div:nth-child(5) > main\n    at http://localhost:63315/Users/joecarver/Repos/planx-new/apps/editor.planx.uk/.storybook/vitest.setup.ts?import&browserv=1780572795609:25:16"],"meta":{"storyId":"design-system-pages-startapplication--basic","reports":[]}}],"startTime":1780572810436,"endTime":1780572810807.5,"status":"failed","message":"","name":"/Users/joecarver/Repos/planx-new/apps/editor.planx.uk/src/pages/Preview/SaveAndReturn.stories.tsx"},{"assertionResults":[{"ancestorTitles":[],"fullName":"Basic","status":"passed","title":"Basic","duration":558.8999999985099,"failureMessages":[],"meta":{"storyId":"design-system-pages-save--basic","reports":[]}},{"ancestorTitles":[],"fullName":"On Save Success","status":"passed","title":"On Save Success","duration":86.89999999850988,"failureMessages":[],"meta":{"storyId":"design-system-pages-save--on-save-success","reports":[]}},{"ancestorTitles":[],"fullName":"On Save Error","status":"passed","title":"On Save Error","duration":71.39999999850988,"failureMessages":[],"meta":{"storyId":"design-system-pages-save--on-save-error","reports":[]}}],"startTime":1780572852689,"endTime":1780572853406.4,"status":"passed","message":"","name":"/Users/joecarver/Repos/planx-new/apps/editor.planx.uk/src/pages/Preview/SavePage.stories.tsx"},{"assertionResults":[{"ancestorTitles":[],"fullName":"Basic","status":"passed","title":"Basic","duration":214,"failureMessages":[],"meta":{"storyId":"design-system-atoms-form-elements-banner--basic","reports":[]}}],"startTime":1780572854883,"endTime":1780572855097,"status":"passed","message":"","name":"/Users/joecarver/Repos/planx-new/apps/editor.planx.uk/src/ui/public/Banner.stories.tsx"},{"assertionResults":[{"ancestorTitles":[],"fullName":"Basic","status":"passed","title":"Basic","duration":286,"failureMessages":[],"meta":{"storyId":"design-system-atoms-form-elements-descriptionlist--basic","reports":[]}}],"startTime":1780572849666,"endTime":1780572849952,"status":"passed","message":"","name":"/Users/joecarver/Repos/planx-new/apps/editor.planx.uk/src/ui/public/DescriptionList.stories.tsx"},{"assertionResults":[{"ancestorTitles":[],"fullName":"Basic","status":"passed","title":"Basic","duration":264.69999999552965,"failureMessages":[],"meta":{"storyId":"design-system-atoms-form-elements-expandablelist--basic","reports":[]}}],"startTime":1780572832755,"endTime":1780572833019.7,"status":"passed","message":"","name":"/Users/joecarver/Repos/planx-new/apps/editor.planx.uk/src/ui/public/ExpandableList.stories.tsx"},{"assertionResults":[{"ancestorTitles":[],"fullName":"Empty Form","status":"passed","title":"Empty Form","duration":270.19999999552965,"failureMessages":[],"meta":{"storyId":"planx-components-addressinput--empty-form","reports":[]}},{"ancestorTitles":[],"fullName":"Empty Form With Help Text","status":"passed","title":"Empty Form With Help Text","duration":120.80000000447035,"failureMessages":[],"meta":{"storyId":"planx-components-addressinput--empty-form-with-help-text","reports":[]}},{"ancestorTitles":[],"fullName":"Filled Form","status":"passed","title":"Filled Form","duration":3175.2999999970198,"failureMessages":[],"meta":{"storyId":"planx-components-addressinput--filled-form","reports":[]}},{"ancestorTitles":[],"fullName":"With Editor","status":"passed","title":"With Editor","duration":231.10000000149012,"failureMessages":[],"meta":{"storyId":"planx-components-addressinput--with-editor","reports":[]}}],"startTime":1780572822199,"endTime":1780572825996.1,"status":"passed","message":"","name":"/Users/joecarver/Repos/planx-new/apps/editor.planx.uk/src/@planx/components/AddressInput/AddressInput.stories.tsx"},{"assertionResults":[{"ancestorTitles":[],"fullName":"Index","status":"passed","title":"Index","duration":528,"failureMessages":[],"meta":{"storyId":"design-system-palette--index","reports":[]}}],"startTime":1780572845169,"endTime":1780572845697,"status":"passed","message":"","name":"/Users/joecarver/Repos/planx-new/apps/editor.planx.uk/src/ui/shared/Palette.stories.tsx"},{"assertionResults":[{"ancestorTitles":[],"fullName":"Variants","status":"passed","title":"Variants","duration":367.8999999985099,"failureMessages":[],"meta":{"storyId":"design-system-typography--variants","reports":[]}}],"startTime":1780572855946,"endTime":1780572856313.9,"status":"passed","message":"","name":"/Users/joecarver/Repos/planx-new/apps/editor.planx.uk/src/ui/shared/Typography.stories.tsx"},{"assertionResults":[{"ancestorTitles":[],"fullName":"With Editor","status":"passed","title":"With Editor","duration":568.8000000044703,"failureMessages":[],"meta":{"storyId":"planx-components-calculate--with-editor","reports":[]}}],"startTime":1780572832687,"endTime":1780572833255.8,"status":"passed","message":"","name":"/Users/joecarver/Repos/planx-new/apps/editor.planx.uk/src/@planx/components/Calculate/Calculate.stories.tsx"},{"assertionResults":[{"ancestorTitles":[],"fullName":"Basic","status":"passed","title":"Basic","duration":287.5,"failureMessages":[],"meta":{"storyId":"planx-components-checklist--basic","reports":[]}},{"ancestorTitles":[],"fullName":"Grouped","status":"passed","title":"Grouped","duration":195.5,"failureMessages":[],"meta":{"storyId":"planx-components-checklist--grouped","reports":[]}},{"ancestorTitles":[],"fullName":"With Descriptions","status":"passed","title":"With Descriptions","duration":85.89999999850988,"failureMessages":[],"meta":{"storyId":"planx-components-checklist--with-descriptions","reports":[]}},{"ancestorTitles":[],"fullName":"With Images","status":"passed","title":"With Images","duration":76.70000000298023,"failureMessages":[],"meta":{"storyId":"planx-components-checklist--with-images","reports":[]}},{"ancestorTitles":[],"fullName":"Exclusive Or","status":"passed","title":"Exclusive Or","duration":79.5,"failureMessages":[],"meta":{"storyId":"planx-components-checklist--exclusive-or","reports":[]}},{"ancestorTitles":[],"fullName":"All Required","status":"passed","title":"All Required","duration":122.69999999552965,"failureMessages":[],"meta":{"storyId":"planx-components-checklist--all-required","reports":[]}},{"ancestorTitles":[],"fullName":"With Repeated Options","status":"passed","title":"With Repeated Options","duration":98,"failureMessages":[],"meta":{"storyId":"planx-components-checklist--with-repeated-options","reports":[]}},{"ancestorTitles":[],"fullName":"With Editor","status":"passed","title":"With Editor","duration":303.79999999701977,"failureMessages":[],"meta":{"storyId":"planx-components-checklist--with-editor","reports":[]}}],"startTime":1780572831575,"endTime":1780572832824.8,"status":"passed","message":"","name":"/Users/joecarver/Repos/planx-new/apps/editor.planx.uk/src/@planx/components/Checklist/Checklist.stories.tsx"},{"assertionResults":[{"ancestorTitles":[],"fullName":"Basic","status":"passed","title":"Basic","duration":365.69999999552965,"failureMessages":[],"meta":{"storyId":"planx-components-confirmation--basic","reports":[]}},{"ancestorTitles":[],"fullName":"With Editor","status":"passed","title":"With Editor","duration":333.6000000014901,"failureMessages":[],"meta":{"storyId":"planx-components-confirmation--with-editor","reports":[]}}],"startTime":1780572845793,"endTime":1780572846492.6,"status":"passed","message":"","name":"/Users/joecarver/Repos/planx-new/apps/editor.planx.uk/src/@planx/components/Confirmation/Confirmation.stories.tsx"},{"assertionResults":[{"ancestorTitles":[],"fullName":"Empty Form","status":"passed","title":"Empty Form","duration":228.10000000149012,"failureMessages":[],"meta":{"storyId":"planx-components-contactinput--empty-form","reports":[]}},{"ancestorTitles":[],"fullName":"Empty Form With Help Text","status":"passed","title":"Empty Form With Help Text","duration":74.09999999403954,"failureMessages":[],"meta":{"storyId":"planx-components-contactinput--empty-form-with-help-text","reports":[]}},{"ancestorTitles":[],"fullName":"Filled Form","status":"passed","title":"Filled Form","duration":3476.3000000044703,"failureMessages":[],"meta":{"storyId":"planx-components-contactinput--filled-form","reports":[]}},{"ancestorTitles":[],"fullName":"With Editor","status":"passed","title":"With Editor","duration":250.79999999701977,"failureMessages":[],"meta":{"storyId":"planx-components-contactinput--with-editor","reports":[]}}],"startTime":1780572822199,"endTime":1780572826228.8,"status":"passed","message":"","name":"/Users/joecarver/Repos/planx-new/apps/editor.planx.uk/src/@planx/components/ContactInput/ContactInput.stories.tsx"},{"assertionResults":[{"ancestorTitles":[],"fullName":"Basic","status":"passed","title":"Basic","duration":249.60000000149012,"failureMessages":[],"meta":{"storyId":"planx-components-content--basic","reports":[]}},{"ancestorTitles":[],"fullName":"With Image","status":"passed","title":"With Image","duration":56.600000001490116,"failureMessages":[],"meta":{"storyId":"planx-components-content--with-image","reports":[]}},{"ancestorTitles":[],"fullName":"With Editor","status":"passed","title":"With Editor","duration":256.09999999403954,"failureMessages":[],"meta":{"storyId":"planx-components-content--with-editor","reports":[]}}],"startTime":1780572843079,"endTime":1780572843641.1,"status":"passed","message":"","name":"/Users/joecarver/Repos/planx-new/apps/editor.planx.uk/src/@planx/components/Content/Content.stories.tsx"},{"assertionResults":[{"ancestorTitles":[],"fullName":"Empty Form","status":"passed","title":"Empty Form","duration":250.29999999701977,"failureMessages":[],"meta":{"storyId":"planx-components-dateinput--empty-form","reports":[]}},{"ancestorTitles":[],"fullName":"Empty Form With Help Text","status":"passed","title":"Empty Form With Help Text","duration":79.39999999850988,"failureMessages":[],"meta":{"storyId":"planx-components-dateinput--empty-form-with-help-text","reports":[]}},{"ancestorTitles":[],"fullName":"Filled Form","status":"passed","title":"Filled Form","duration":1959.1000000014901,"failureMessages":[],"meta":{"storyId":"planx-components-dateinput--filled-form","reports":[]}},{"ancestorTitles":[],"fullName":"With Editor","status":"passed","title":"With Editor","duration":353.5,"failureMessages":[],"meta":{"storyId":"planx-components-dateinput--with-editor","reports":[]}}],"startTime":1780572823126,"endTime":1780572825768.5,"status":"passed","message":"","name":"/Users/joecarver/Repos/planx-new/apps/editor.planx.uk/src/@planx/components/DateInput/DateInput.stories.tsx"},{"assertionResults":[{"ancestorTitles":[],"fullName":"With Editor","status":"failed","title":"With Editor","duration":919.6000000014901,"failureMessages":["AssertionError: Accessibility violations:\n\n[moderate] heading-order: Ensure the order of headings is semantically correct\n    .modalSection.css-1b7lxgf.MuiBox-root:nth-child(3) > .MuiGrid-container.css-ioyr6c-MuiGrid-root.MuiGrid-root > .css-5vaqcx-MuiGrid-root.MuiGrid-root.MuiGrid-direction-xs-row > h3\n    at http://localhost:63315/Users/joecarver/Repos/planx-new/apps/editor.planx.uk/.storybook/vitest.setup.ts?import&browserv=1780572795609:25:16"],"meta":{"storyId":"planx-components-drawboundary--with-editor","reports":[]}}],"startTime":1780572810505,"endTime":1780572811424.6,"status":"failed","message":"","name":"/Users/joecarver/Repos/planx-new/apps/editor.planx.uk/src/@planx/components/DrawBoundary/DrawBoundary.stories.tsx"},{"assertionResults":[{"ancestorTitles":[],"fullName":"Basic","status":"passed","title":"Basic","duration":13370.60000000149,"failureMessages":[],"meta":{"storyId":"planx-components-enhanced-text-input-project-description--basic","reports":[]}},{"ancestorTitles":[],"fullName":"Invalid","status":"passed","title":"Invalid","duration":190.60000000149012,"failureMessages":[],"meta":{"storyId":"planx-components-enhanced-text-input-project-description--invalid","reports":[]}},{"ancestorTitles":[],"fullName":"Service Unavailable","status":"passed","title":"Service Unavailable","duration":155.5,"failureMessages":[],"meta":{"storyId":"planx-components-enhanced-text-input-project-description--service-unavailable","reports":[]}},{"ancestorTitles":[],"fullName":"Rate Limit Exceeded","status":"passed","title":"Rate Limit Exceeded","duration":90.59999999403954,"failureMessages":[],"meta":{"storyId":"planx-components-enhanced-text-input-project-description--rate-limit-exceeded","reports":[]}},{"ancestorTitles":[],"fullName":"With Editor","status":"passed","title":"With Editor","duration":304.1000000014901,"failureMessages":[],"meta":{"storyId":"planx-components-enhanced-text-input-project-description--with-editor","reports":[]}}],"startTime":1780572812829,"endTime":1780572826940.1,"status":"passed","message":"","name":"/Users/joecarver/Repos/planx-new/apps/editor.planx.uk/src/@planx/components/EnhancedTextInput/EnhancedTextInput.stories.tsx"},{"assertionResults":[{"ancestorTitles":[],"fullName":"Basic","status":"passed","title":"Basic","duration":632.6000000014901,"failureMessages":[],"meta":{"storyId":"planx-components-fileuploadandlabel--basic","reports":[]}},{"ancestorTitles":[],"fullName":"With Drawing Numbers","status":"passed","title":"With Drawing Numbers","duration":150.60000000149012,"failureMessages":[],"meta":{"storyId":"planx-components-fileuploadandlabel--with-drawing-numbers","reports":[]}},{"ancestorTitles":[],"fullName":"Optional Files Only","status":"passed","title":"Optional Files Only","duration":74.29999999701977,"failureMessages":[],"meta":{"storyId":"planx-components-fileuploadandlabel--optional-files-only","reports":[]}},{"ancestorTitles":[],"fullName":"With Hidden Dropzone","status":"passed","title":"With Hidden Dropzone","duration":95.70000000298023,"failureMessages":[],"meta":{"storyId":"planx-components-fileuploadandlabel--with-hidden-dropzone","reports":[]}},{"ancestorTitles":[],"fullName":"With Editor","status":"failed","title":"With Editor","duration":412.69999999552965,"failureMessages":["AssertionError: Accessibility violations:\n\n[moderate] heading-order: Ensure the order of headings is semantically correct\n    .css-iwce2e.MuiBox-root:nth-child(2) > h6\n\n[serious] nested-interactive: Ensure interactive controls are not nested as they are not always announced by screen readers or can cause focus problems for assistive technologies\n    .css-1jl1l6g\n    at http://localhost:63315/Users/joecarver/Repos/planx-new/apps/editor.planx.uk/.storybook/vitest.setup.ts?import&browserv=1780572795596:25:16"],"meta":{"storyId":"planx-components-fileuploadandlabel--with-editor","reports":[]}}],"startTime":1780572810902,"endTime":1780572812267.7,"status":"failed","message":"","name":"/Users/joecarver/Repos/planx-new/apps/editor.planx.uk/src/@planx/components/FileUploadAndLabel/FileUploadAndLabel.stories.tsx"},{"assertionResults":[{"ancestorTitles":[],"fullName":"Basic","status":"passed","title":"Basic","duration":336,"failureMessages":[],"meta":{"storyId":"planx-components-fileupload--basic","reports":[]}},{"ancestorTitles":[],"fullName":"With Drawing Numbers","status":"passed","title":"With Drawing Numbers","duration":123.10000000149012,"failureMessages":[],"meta":{"storyId":"planx-components-fileupload--with-drawing-numbers","reports":[]}},{"ancestorTitles":[],"fullName":"With Editor","status":"passed","title":"With Editor","duration":239.79999999701977,"failureMessages":[],"meta":{"storyId":"planx-components-fileupload--with-editor","reports":[]}}],"startTime":1780572843047,"endTime":1780572843745.8,"status":"passed","message":"","name":"/Users/joecarver/Repos/planx-new/apps/editor.planx.uk/src/@planx/components/FileUpload/FileUpload.stories.tsx"},{"assertionResults":[{"ancestorTitles":[],"fullName":"Frontend","status":"passed","title":"Frontend","duration":234.39999999850988,"failureMessages":[],"meta":{"storyId":"planx-components-nextsteps--frontend","reports":[]}},{"ancestorTitles":[],"fullName":"With Editor","status":"passed","title":"With Editor","duration":239.5,"failureMessages":[],"meta":{"storyId":"planx-components-nextsteps--with-editor","reports":[]}}],"startTime":1780572843694,"endTime":1780572844168.5,"status":"passed","message":"","name":"/Users/joecarver/Repos/planx-new/apps/editor.planx.uk/src/@planx/components/NextSteps/NextSteps.stories.tsx"},{"assertionResults":[{"ancestorTitles":[],"fullName":"Basic","status":"passed","title":"Basic","duration":240.19999999552965,"failureMessages":[],"meta":{"storyId":"planx-components-notice--basic","reports":[]}},{"ancestorTitles":[],"fullName":"With Reset","status":"passed","title":"With Reset","duration":53.900000005960464,"failureMessages":[],"meta":{"storyId":"planx-components-notice--with-reset","reports":[]}},{"ancestorTitles":[],"fullName":"With Editor","status":"passed","title":"With Editor","duration":275.6000000014901,"failureMessages":[],"meta":{"storyId":"planx-components-notice--with-editor","reports":[]}}],"startTime":1780572833792,"endTime":1780572834362.6,"status":"passed","message":"","name":"/Users/joecarver/Repos/planx-new/apps/editor.planx.uk/src/@planx/components/Notice/Notice.stories.tsx"},{"assertionResults":[{"ancestorTitles":[],"fullName":"Empty Form","status":"passed","title":"Empty Form","duration":283.70000000298023,"failureMessages":[],"meta":{"storyId":"planx-components-numberinput--empty-form","reports":[]}},{"ancestorTitles":[],"fullName":"Empty Form With Help Text","status":"passed","title":"Empty Form With Help Text","duration":66.69999999552965,"failureMessages":[],"meta":{"storyId":"planx-components-numberinput--empty-form-with-help-text","reports":[]}},{"ancestorTitles":[],"fullName":"Filled Form","status":"passed","title":"Filled Form","duration":756.1000000014901,"failureMessages":[],"meta":{"storyId":"planx-components-numberinput--filled-form","reports":[]}},{"ancestorTitles":[],"fullName":"With Editor","status":"passed","title":"With Editor","duration":236.20000000298023,"failureMessages":[],"meta":{"storyId":"planx-components-numberinput--with-editor","reports":[]}}],"startTime":1780572823126,"endTime":1780572824469.2,"status":"passed","message":"","name":"/Users/joecarver/Repos/planx-new/apps/editor.planx.uk/src/@planx/components/NumberInput/NumberInput.stories.tsx"},{"assertionResults":[{"ancestorTitles":[],"fullName":"Basic","status":"passed","title":"Basic","duration":278.09999999403954,"failureMessages":[],"meta":{"storyId":"planx-components-page--basic","reports":[]}},{"ancestorTitles":[],"fullName":"With Editor","status":"passed","title":"With Editor","duration":328.20000000298023,"failureMessages":[],"meta":{"storyId":"planx-components-page--with-editor","reports":[]}}],"startTime":1780572847522,"endTime":1780572848128.2,"status":"passed","message":"","name":"/Users/joecarver/Repos/planx-new/apps/editor.planx.uk/src/@planx/components/Page/Page.stories.tsx"},{"assertionResults":[{"ancestorTitles":[],"fullName":"With Intersections","status":"passed","title":"With Intersections","duration":681.6000000014901,"failureMessages":[],"meta":{"storyId":"planx-components-planningconstraints--with-intersections","reports":[]}},{"ancestorTitles":[],"fullName":"Without Intersections","status":"passed","title":"Without Intersections","duration":193.10000000149012,"failureMessages":[],"meta":{"storyId":"planx-components-planningconstraints--without-intersections","reports":[]}},{"ancestorTitles":[],"fullName":"With Editor","status":"passed","title":"With Editor","duration":601.1999999955297,"failureMessages":[],"meta":{"storyId":"planx-components-planningconstraints--with-editor","reports":[]}}],"startTime":1780572831807,"endTime":1780572833283.2,"status":"passed","message":"","name":"/Users/joecarver/Repos/planx-new/apps/editor.planx.uk/src/@planx/components/PlanningConstraints/PlanningConstraints.stories.tsx"},{"assertionResults":[{"ancestorTitles":[],"fullName":"Basic","status":"passed","title":"Basic","duration":779.8999999985099,"failureMessages":[],"meta":{"storyId":"planx-components-propertyinformation--basic","reports":[]}},{"ancestorTitles":[],"fullName":"With Property Type Override","status":"passed","title":"With Property Type Override","duration":269.1000000014901,"failureMessages":[],"meta":{"storyId":"planx-components-propertyinformation--with-property-type-override","reports":[]}},{"ancestorTitles":[],"fullName":"With Editor","status":"passed","title":"With Editor","duration":230.5,"failureMessages":[],"meta":{"storyId":"planx-components-propertyinformation--with-editor","reports":[]}}],"startTime":1780572829189,"endTime":1780572830468.5,"status":"passed","message":"","name":"/Users/joecarver/Repos/planx-new/apps/editor.planx.uk/src/@planx/components/PropertyInformation/PropertyInformation.stories.tsx"},{"assertionResults":[{"ancestorTitles":[],"fullName":"Basic","status":"passed","title":"Basic","duration":289.29999999701977,"failureMessages":[],"meta":{"storyId":"planx-components-question--basic","reports":[]}},{"ancestorTitles":[],"fullName":"With Descriptions","status":"passed","title":"With Descriptions","duration":64.10000000149012,"failureMessages":[],"meta":{"storyId":"planx-components-question--with-descriptions","reports":[]}},{"ancestorTitles":[],"fullName":"With Images","status":"passed","title":"With Images","duration":81.69999999552965,"failureMessages":[],"meta":{"storyId":"planx-components-question--with-images","reports":[]}},{"ancestorTitles":[],"fullName":"With Editor","status":"passed","title":"With Editor","duration":276.80000000447035,"failureMessages":[],"meta":{"storyId":"planx-components-question--with-editor","reports":[]}}],"startTime":1780572823291,"endTime":1780572824003.8,"status":"passed","message":"","name":"/Users/joecarver/Repos/planx-new/apps/editor.planx.uk/src/@planx/components/Question/Question.stories.tsx"},{"assertionResults":[{"ancestorTitles":[],"fullName":"Basic","status":"passed","title":"Basic","duration":275.6000000014901,"failureMessages":[],"meta":{"storyId":"planx-components-responsivechecklist--basic","reports":[]}},{"ancestorTitles":[],"fullName":"Grouped","status":"passed","title":"Grouped","duration":59.400000005960464,"failureMessages":[],"meta":{"storyId":"planx-components-responsivechecklist--grouped","reports":[]}},{"ancestorTitles":[],"fullName":"With Descriptions","status":"passed","title":"With Descriptions","duration":185.89999999850988,"failureMessages":[],"meta":{"storyId":"planx-components-responsivechecklist--with-descriptions","reports":[]}},{"ancestorTitles":[],"fullName":"With Images","status":"passed","title":"With Images","duration":116.29999999701977,"failureMessages":[],"meta":{"storyId":"planx-components-responsivechecklist--with-images","reports":[]}},{"ancestorTitles":[],"fullName":"Exclusive Or","status":"passed","title":"Exclusive Or","duration":256.6000000014901,"failureMessages":[],"meta":{"storyId":"planx-components-responsivechecklist--exclusive-or","reports":[]}},{"ancestorTitles":[],"fullName":"All Required","status":"passed","title":"All Required","duration":141.39999999850988,"failureMessages":[],"meta":{"storyId":"planx-components-responsivechecklist--all-required","reports":[]}},{"ancestorTitles":[],"fullName":"With Repeated Options","status":"passed","title":"With Repeated Options","duration":119.39999999850988,"failureMessages":[],"meta":{"storyId":"planx-components-responsivechecklist--with-repeated-options","reports":[]}},{"ancestorTitles":[],"fullName":"With Editor","status":"passed","title":"With Editor","duration":465.30000000447035,"failureMessages":[],"meta":{"storyId":"planx-components-responsivechecklist--with-editor","reports":[]}}],"startTime":1780572835018,"endTime":1780572836637.3,"status":"passed","message":"","name":"/Users/joecarver/Repos/planx-new/apps/editor.planx.uk/src/@planx/components/ResponsiveChecklist/ResponsiveChecklist.stories.tsx"},{"assertionResults":[{"ancestorTitles":[],"fullName":"Basic","status":"passed","title":"Basic","duration":257.3999999985099,"failureMessages":[],"meta":{"storyId":"planx-components-responsivequestion--basic","reports":[]}},{"ancestorTitles":[],"fullName":"With Descriptions","status":"passed","title":"With Descriptions","duration":65,"failureMessages":[],"meta":{"storyId":"planx-components-responsivequestion--with-descriptions","reports":[]}},{"ancestorTitles":[],"fullName":"With Images","status":"passed","title":"With Images","duration":75.89999999850988,"failureMessages":[],"meta":{"storyId":"planx-components-responsivequestion--with-images","reports":[]}},{"ancestorTitles":[],"fullName":"With Editor","status":"passed","title":"With Editor","duration":218.80000000447035,"failureMessages":[],"meta":{"storyId":"planx-components-responsivequestion--with-editor","reports":[]}}],"startTime":1780572823472,"endTime":1780572824088.8,"status":"passed","message":"","name":"/Users/joecarver/Repos/planx-new/apps/editor.planx.uk/src/@planx/components/ResponsiveQuestion/ResponsiveQuestion.stories.tsx"},{"assertionResults":[{"ancestorTitles":[],"fullName":"Basic","status":"passed","title":"Basic","duration":416.8999999985099,"failureMessages":[],"meta":{"storyId":"planx-components-result--basic","reports":[]}},{"ancestorTitles":[],"fullName":"With Disclaimer","status":"passed","title":"With Disclaimer","duration":165.39999999850988,"failureMessages":[],"meta":{"storyId":"planx-components-result--with-disclaimer","reports":[]}},{"ancestorTitles":[],"fullName":"With Editor","status":"failed","title":"With Editor","duration":730,"failureMessages":["AssertionError: Accessibility violations:\n\n[moderate] heading-order: Ensure the order of headings is semantically correct\n    .css-b1qp2t.MuiBox-root > h6\n    at http://localhost:63315/Users/joecarver/Repos/planx-new/apps/editor.planx.uk/.storybook/vitest.setup.ts?import&browserv=1780572795609:25:16"],"meta":{"storyId":"planx-components-result--with-editor","reports":[]}}],"startTime":1780572810454,"endTime":1780572811767,"status":"failed","message":"","name":"/Users/joecarver/Repos/planx-new/apps/editor.planx.uk/src/@planx/components/Result/Result.stories.tsx"},{"assertionResults":[{"ancestorTitles":[],"fullName":"Basic","status":"passed","title":"Basic","duration":378.3999999985099,"failureMessages":[],"meta":{"storyId":"planx-components-review--basic","reports":[]}},{"ancestorTitles":[],"fullName":"With Sections","status":"passed","title":"With Sections","duration":92.90000000596046,"failureMessages":[],"meta":{"storyId":"planx-components-review--with-sections","reports":[]}}],"startTime":1780572838741,"endTime":1780572839212.9,"status":"passed","message":"","name":"/Users/joecarver/Repos/planx-new/apps/editor.planx.uk/src/@planx/components/Review/Review.stories.tsx"},{"assertionResults":[{"ancestorTitles":[],"fullName":"Basic","status":"passed","title":"Basic","duration":315.8999999985099,"failureMessages":[],"meta":{"storyId":"planx-components-section--basic","reports":[]}},{"ancestorTitles":[],"fullName":"First Section Completed","status":"passed","title":"First Section Completed","duration":96.29999999701977,"failureMessages":[],"meta":{"storyId":"planx-components-section--first-section-completed","reports":[]}},{"ancestorTitles":[],"fullName":"With New Information Needed","status":"passed","title":"With New Information Needed","duration":219.40000000596046,"failureMessages":[],"meta":{"storyId":"planx-components-section--with-new-information-needed","reports":[]}},{"ancestorTitles":[],"fullName":"With Editor","status":"failed","title":"With Editor","duration":524.0999999940395,"failureMessages":["AssertionError: Accessibility violations:\n\n[moderate] heading-order: Ensure the order of headings is semantically correct\n    h6\n    at http://localhost:63315/Users/joecarver/Repos/planx-new/apps/editor.planx.uk/.storybook/vitest.setup.ts?import&browserv=1780572795597:25:16"],"meta":{"storyId":"planx-components-section--with-editor","reports":[]}}],"startTime":1780572810404,"endTime":1780572811560.1,"status":"failed","message":"","name":"/Users/joecarver/Repos/planx-new/apps/editor.planx.uk/src/@planx/components/Section/Section.stories.tsx"},{"assertionResults":[{"ancestorTitles":[],"fullName":"With Editor","status":"passed","title":"With Editor","duration":489.70000000298023,"failureMessages":[],"meta":{"storyId":"planx-components-send--with-editor","reports":[]}}],"startTime":1780572854757,"endTime":1780572855246.7,"status":"passed","message":"","name":"/Users/joecarver/Repos/planx-new/apps/editor.planx.uk/src/@planx/components/Send/Send.stories.tsx"},{"assertionResults":[{"ancestorTitles":[],"fullName":"With Editor","status":"failed","title":"With Editor","duration":1666.7999999970198,"failureMessages":["AssertionError: Accessibility violations:\n\n[serious] color-contrast: Ensure the contrast between foreground and background colors meets WCAG 2 AA minimum contrast ratio thresholds\n    .variable-row:nth-child(1) > .variable-value > div\n    .variable-row:nth-child(3) > .variable-value > div\n    at http://localhost:63315/Users/joecarver/Repos/planx-new/apps/editor.planx.uk/.storybook/vitest.setup.ts?import&browserv=1780572795597:25:16"],"meta":{"storyId":"planx-components-setfee--with-editor","reports":[]}}],"startTime":1780572807666,"endTime":1780572809332.8,"status":"failed","message":"","name":"/Users/joecarver/Repos/planx-new/apps/editor.planx.uk/src/@planx/components/SetFee/SetFee.stories.tsx"},{"assertionResults":[{"ancestorTitles":[],"fullName":"With Editor","status":"passed","title":"With Editor","duration":416.70000000298023,"failureMessages":[],"meta":{"storyId":"planx-components-setvalue--with-editor","reports":[]}}],"startTime":1780572858056,"endTime":1780572858472.7,"status":"passed","message":"","name":"/Users/joecarver/Repos/planx-new/apps/editor.planx.uk/src/@planx/components/SetValue/SetValue.stories.tsx"},{"assertionResults":[{"ancestorTitles":[],"fullName":"Basic","status":"passed","title":"Basic","duration":301.5,"failureMessages":[],"meta":{"storyId":"planx-components-tasklist--basic","reports":[]}},{"ancestorTitles":[],"fullName":"With Editor","status":"passed","title":"With Editor","duration":415.3999999985099,"failureMessages":[],"meta":{"storyId":"planx-components-tasklist--with-editor","reports":[]}}],"startTime":1780572847398,"endTime":1780572848115.4,"status":"passed","message":"","name":"/Users/joecarver/Repos/planx-new/apps/editor.planx.uk/src/@planx/components/TaskList/TaskList.stories.tsx"},{"assertionResults":[{"ancestorTitles":[],"fullName":"Empty Form Short Text","status":"passed","title":"Empty Form Short Text","duration":384.30000000447035,"failureMessages":[],"meta":{"storyId":"planx-components-textinput--empty-form-short-text","reports":[]}},{"ancestorTitles":[],"fullName":"Empty Form Long Text","status":"passed","title":"Empty Form Long Text","duration":104.79999999701977,"failureMessages":[],"meta":{"storyId":"planx-components-textinput--empty-form-long-text","reports":[]}},{"ancestorTitles":[],"fullName":"Empty Form Extra Long Text","status":"passed","title":"Empty Form Extra Long Text","duration":62.20000000298023,"failureMessages":[],"meta":{"storyId":"planx-components-textinput--empty-form-extra-long-text","reports":[]}},{"ancestorTitles":[],"fullName":"Empty Form Email","status":"passed","title":"Empty Form Email","duration":44.099999994039536,"failureMessages":[],"meta":{"storyId":"planx-components-textinput--empty-form-email","reports":[]}},{"ancestorTitles":[],"fullName":"Empty Form Phone","status":"passed","title":"Empty Form Phone","duration":70.90000000596046,"failureMessages":[],"meta":{"storyId":"planx-components-textinput--empty-form-phone","reports":[]}},{"ancestorTitles":[],"fullName":"Empty Form With Help Text","status":"passed","title":"Empty Form With Help Text","duration":56.29999999701977,"failureMessages":[],"meta":{"storyId":"planx-components-textinput--empty-form-with-help-text","reports":[]}},{"ancestorTitles":[],"fullName":"Filled Form","status":"passed","title":"Filled Form","duration":2537.2999999970198,"failureMessages":[],"meta":{"storyId":"planx-components-textinput--filled-form","reports":[]}},{"ancestorTitles":[],"fullName":"With Editor","status":"passed","title":"With Editor","duration":266.90000000596046,"failureMessages":[],"meta":{"storyId":"planx-components-textinput--with-editor","reports":[]}}],"startTime":1780572822850,"endTime":1780572826376.9,"status":"passed","message":"","name":"/Users/joecarver/Repos/planx-new/apps/editor.planx.uk/src/@planx/components/TextInput/TextInput.stories.tsx"},{"assertionResults":[{"ancestorTitles":[],"fullName":"Basic","status":"passed","title":"Basic","duration":275.1000000014901,"failureMessages":[],"meta":{"storyId":"design-system-molecules-environmentselect--basic","reports":[]}}],"startTime":1780572846247,"endTime":1780572846522.1,"status":"passed","message":"","name":"/Users/joecarver/Repos/planx-new/apps/editor.planx.uk/src/components/EditorNavMenu/components/EnvironmentSelect.stories.tsx"},{"assertionResults":[{"ancestorTitles":[],"fullName":"Basic","status":"failed","title":"Basic","duration":1497,"failureMessages":["AssertionError: Accessibility violations:\n\n[serious] color-contrast: Ensure the contrast between foreground and background colors meets WCAG 2 AA minimum contrast ratio thresholds\n    div:nth-child(3) > pre > code\n    at http://localhost:63315/Users/joecarver/Repos/planx-new/apps/editor.planx.uk/.storybook/vitest.setup.ts?import&browserv=1780572795600:25:16"],"meta":{"storyId":"design-system-molecules-teamselect--basic","reports":[]}}],"startTime":1780572807713,"endTime":1780572809210,"status":"failed","message":"","name":"/Users/joecarver/Repos/planx-new/apps/editor.planx.uk/src/components/EditorNavMenu/components/TeamSelect.stories.tsx"},{"assertionResults":[{"ancestorTitles":[],"fullName":"Empty Form","status":"passed","title":"Empty Form","duration":477.3999999985099,"failureMessages":[],"meta":{"storyId":"design-system-molecules-feedbackform--empty-form","reports":[]}},{"ancestorTitles":[],"fullName":"Successful Form Submit","status":"passed","title":"Successful Form Submit","duration":8566.20000000298,"failureMessages":[],"meta":{"storyId":"design-system-molecules-feedbackform--successful-form-submit","reports":[]}},{"ancestorTitles":[],"fullName":"Missing Input Form","status":"passed","title":"Missing Input Form","duration":3181.1999999955297,"failureMessages":[],"meta":{"storyId":"design-system-molecules-feedbackform--missing-input-form","reports":[]}}],"startTime":1780572821789,"endTime":1780572834013.2,"status":"passed","message":"","name":"/Users/joecarver/Repos/planx-new/apps/editor.planx.uk/src/components/Feedback/FeedbackForm/FeedbackForm.stories.tsx"},{"assertionResults":[{"ancestorTitles":[],"fullName":"Basic","status":"passed","title":"Basic","duration":157.39999999850988,"failureMessages":[],"meta":{"storyId":"design-system-molecules-moreinfofeedbackcomponent--basic","reports":[]}}],"startTime":1780572859116,"endTime":1780572859273.4,"status":"passed","message":"","name":"/Users/joecarver/Repos/planx-new/apps/editor.planx.uk/src/components/Feedback/MoreInfoFeedback/MoreInfoFeedback.stories.tsx"},{"assertionResults":[{"ancestorTitles":[],"fullName":"With Stats","status":"passed","title":"With Stats","duration":382.20000000298023,"failureMessages":[],"meta":{"storyId":"editor-components-dashboard-statsbanner--with-stats","reports":[]}},{"ancestorTitles":[],"fullName":"No Stats","status":"passed","title":"No Stats","duration":86.60000000149012,"failureMessages":[],"meta":{"storyId":"editor-components-dashboard-statsbanner--no-stats","reports":[]}},{"ancestorTitles":[],"fullName":"Loading","status":"passed","title":"Loading","duration":60.5,"failureMessages":[],"meta":{"storyId":"editor-components-dashboard-statsbanner--loading","reports":[]}}],"startTime":1780572844282,"endTime":1780572844810.5,"status":"passed","message":"","name":"/Users/joecarver/Repos/planx-new/apps/editor.planx.uk/src/pages/Dashboard/components/StatsBanner.stories.tsx"},{"assertionResults":[{"ancestorTitles":[],"fullName":"Basic","status":"passed","title":"Basic","duration":406.29999999701977,"failureMessages":[],"meta":{"storyId":"design-system-pages-resume--basic","reports":[]}},{"ancestorTitles":[],"fullName":"On Email Success","status":"passed","title":"On Email Success","duration":172.80000000447035,"failureMessages":[],"meta":{"storyId":"design-system-pages-resume--on-email-success","reports":[]}},{"ancestorTitles":[],"fullName":"On Email Error","status":"passed","title":"On Email Error","duration":164,"failureMessages":[],"meta":{"storyId":"design-system-pages-resume--on-email-error","reports":[]}},{"ancestorTitles":[],"fullName":"On Reconciliation Success","status":"passed","title":"On Reconciliation Success","duration":348.09999999403954,"failureMessages":[],"meta":{"storyId":"design-system-pages-resume--on-reconciliation-success","reports":[]}},{"ancestorTitles":[],"fullName":"On Invalid Session","status":"passed","title":"On Invalid Session","duration":77,"failureMessages":[],"meta":{"storyId":"design-system-pages-resume--on-invalid-session","reports":[]}},{"ancestorTitles":[],"fullName":"On Locked Session","status":"passed","title":"On Locked Session","duration":85.20000000298023,"failureMessages":[],"meta":{"storyId":"design-system-pages-resume--on-locked-session","reports":[]}}],"startTime":1780572828751,"endTime":1780572830004.2,"status":"passed","message":"","name":"/Users/joecarver/Repos/planx-new/apps/editor.planx.uk/src/pages/Preview/Resume/ResumePage.stories.tsx"},{"assertionResults":[{"ancestorTitles":[],"fullName":"Basic","status":"passed","title":"Basic","duration":269.3999999985099,"failureMessages":[],"meta":{"storyId":"design-system-atoms-form-elements-colorpicker--basic","reports":[]}}],"startTime":1780572854048,"endTime":1780572854317.4,"status":"passed","message":"","name":"/Users/joecarver/Repos/planx-new/apps/editor.planx.uk/src/ui/editor/ColorPicker/ColorPicker.stories.tsx"},{"assertionResults":[{"ancestorTitles":[],"fullName":"Basic","status":"passed","title":"Basic","duration":311.69999999552965,"failureMessages":[],"meta":{"storyId":"design-system-atoms-form-elements-imageinput--basic","reports":[]}}],"startTime":1780572855975,"endTime":1780572856286.7,"status":"passed","message":"","name":"/Users/joecarver/Repos/planx-new/apps/editor.planx.uk/src/ui/editor/ImgInput/ImgInput.stories.tsx"},{"assertionResults":[{"ancestorTitles":[],"fullName":"Basic","status":"passed","title":"Basic","duration":361.69999999552965,"failureMessages":[],"meta":{"storyId":"design-system-atoms-form-elements-inputfield--basic","reports":[]}}],"startTime":1780572855548,"endTime":1780572855909.7,"status":"passed","message":"","name":"/Users/joecarver/Repos/planx-new/apps/editor.planx.uk/src/ui/editor/InputField/InputField.stories.tsx"},{"assertionResults":[{"ancestorTitles":[],"fullName":"Basic","status":"passed","title":"Basic","duration":281.79999999701977,"failureMessages":[],"meta":{"storyId":"design-system-atoms-form-elements-listmanager--basic","reports":[]}},{"ancestorTitles":[],"fullName":"Within Templated Node","status":"passed","title":"Within Templated Node","duration":112.10000000149012,"failureMessages":[],"meta":{"storyId":"design-system-atoms-form-elements-listmanager--within-templated-node","reports":[]}}],"startTime":1780572853199,"endTime":1780572853593.1,"status":"passed","message":"","name":"/Users/joecarver/Repos/planx-new/apps/editor.planx.uk/src/ui/editor/ListManager/ListManager.stories.tsx"},{"assertionResults":[{"ancestorTitles":[],"fullName":"Basic","status":"passed","title":"Basic","duration":237.80000000447035,"failureMessages":[],"meta":{"storyId":"design-system-atoms-form-elements-richtextinput--basic","reports":[]}}],"startTime":1780572855370,"endTime":1780572855607.8,"status":"passed","message":"","name":"/Users/joecarver/Repos/planx-new/apps/editor.planx.uk/src/ui/editor/RichTextInput/RichTextInput.stories.tsx"},{"assertionResults":[{"ancestorTitles":[],"fullName":"Basic","status":"passed","title":"Basic","duration":303.80000000447035,"failureMessages":[],"meta":{"storyId":"design-system-atoms-form-elements-checkbox--basic","reports":[]}}],"startTime":1780572854765,"endTime":1780572855068.8,"status":"passed","message":"","name":"/Users/joecarver/Repos/planx-new/apps/editor.planx.uk/src/ui/shared/Checkbox/Checkbox.stories.tsx"},{"assertionResults":[{"ancestorTitles":[],"fullName":"Basic","status":"passed","title":"Basic","duration":289.8999999985099,"failureMessages":[],"meta":{"storyId":"design-system-atoms-form-elements-checklistitem--basic","reports":[]}}],"startTime":1780572852322,"endTime":1780572852611.9,"status":"passed","message":"","name":"/Users/joecarver/Repos/planx-new/apps/editor.planx.uk/src/ui/shared/ChecklistItem/ChecklistItem.stories.tsx"},{"assertionResults":[{"ancestorTitles":[],"fullName":"Basic","status":"passed","title":"Basic","duration":574.8999999985099,"failureMessages":[],"meta":{"storyId":"design-system-atoms-data-table--basic","reports":[]}}],"startTime":1780572837316,"endTime":1780572837890.9,"status":"passed","message":"","name":"/Users/joecarver/Repos/planx-new/apps/editor.planx.uk/src/ui/shared/DataTable/DataTable.stories.tsx"},{"assertionResults":[{"ancestorTitles":[],"fullName":"Basic","status":"passed","title":"Basic","duration":366.1000000014901,"failureMessages":[],"meta":{"storyId":"design-system-atoms-form-elements-dateinput--basic","reports":[]}},{"ancestorTitles":[],"fullName":"With Error","status":"passed","title":"With Error","duration":80.79999999701977,"failureMessages":[],"meta":{"storyId":"design-system-atoms-form-elements-dateinput--with-error","reports":[]}}],"startTime":1780572853669,"endTime":1780572854115.8,"status":"passed","message":"","name":"/Users/joecarver/Repos/planx-new/apps/editor.planx.uk/src/ui/shared/DateInput/DateInput.stories.tsx"},{"assertionResults":[{"ancestorTitles":[],"fullName":"Error","status":"passed","title":"Error","duration":303.5,"failureMessages":[],"meta":{"storyId":"design-system-molecules-errorsummary--error","reports":[]}},{"ancestorTitles":[],"fullName":"Warning","status":"passed","title":"Warning","duration":91.09999999403954,"failureMessages":[],"meta":{"storyId":"design-system-molecules-errorsummary--warning","reports":[]}},{"ancestorTitles":[],"fullName":"Info","status":"passed","title":"Info","duration":246.90000000596046,"failureMessages":[],"meta":{"storyId":"design-system-molecules-errorsummary--info","reports":[]}}],"startTime":1780572836802,"endTime":1780572837443.9,"status":"passed","message":"","name":"/Users/joecarver/Repos/planx-new/apps/editor.planx.uk/src/ui/shared/ErrorSummary/ErrorSummary.stories.tsx"},{"assertionResults":[{"ancestorTitles":[],"fullName":"Basic","status":"passed","title":"Basic","duration":247.60000000149012,"failureMessages":[],"meta":{"storyId":"design-system-atoms-form-elements-input--basic","reports":[]}},{"ancestorTitles":[],"fullName":"Multiline","status":"passed","title":"Multiline","duration":193.5,"failureMessages":[],"meta":{"storyId":"design-system-atoms-form-elements-input--multiline","reports":[]}},{"ancestorTitles":[],"fullName":"With Error","status":"passed","title":"With Error","duration":64.5,"failureMessages":[],"meta":{"storyId":"design-system-atoms-form-elements-input--with-error","reports":[]}}],"startTime":1780572847453,"endTime":1780572847958.5,"status":"passed","message":"","name":"/Users/joecarver/Repos/planx-new/apps/editor.planx.uk/src/ui/shared/Input/Input.stories.tsx"},{"assertionResults":[{"ancestorTitles":[],"fullName":"Basic","status":"passed","title":"Basic","duration":255.70000000298023,"failureMessages":[],"meta":{"storyId":"design-system-atoms-form-elements-selectinput--basic","reports":[]}}],"startTime":1780572851783,"endTime":1780572852038.7,"status":"passed","message":"","name":"/Users/joecarver/Repos/planx-new/apps/editor.planx.uk/src/ui/shared/SelectInput/SelectInput.stories.tsx"},{"assertionResults":[{"ancestorTitles":[],"fullName":"Basic","status":"failed","title":"Basic","duration":1901.5,"failureMessages":["AssertionError: Accessibility violations:\n\n[serious] color-contrast: Ensure the contrast between foreground and background colors meets WCAG 2 AA minimum contrast ratio thresholds\n    div[contenteditable=\"false\"] > p\n    at http://localhost:63315/Users/joecarver/Repos/planx-new/apps/editor.planx.uk/.storybook/vitest.setup.ts?import&browserv=1780572795596:25:16"],"meta":{"storyId":"editor-components-feedback-modal--basic","reports":[]}}],"startTime":1780572807517,"endTime":1780572809418.5,"status":"failed","message":"","name":"/Users/joecarver/Repos/planx-new/apps/editor.planx.uk/src/@planx/components/Feedback/Editor/FeedbackEditor.stories.tsx"},{"assertionResults":[{"ancestorTitles":[],"fullName":"Basic","status":"passed","title":"Basic","duration":341.6000000014901,"failureMessages":[],"meta":{"storyId":"planx-components-feedback--basic","reports":[]}},{"ancestorTitles":[],"fullName":"With Feedback Required","status":"passed","title":"With Feedback Required","duration":86.69999999552965,"failureMessages":[],"meta":{"storyId":"planx-components-feedback--with-feedback-required","reports":[]}}],"startTime":1780572834551,"endTime":1780572834979.7,"status":"passed","message":"","name":"/Users/joecarver/Repos/planx-new/apps/editor.planx.uk/src/@planx/components/Feedback/Public/Feedback.stories.tsx"},{"assertionResults":[{"ancestorTitles":[],"fullName":"Empty Form","status":"passed","title":"Empty Form","duration":283,"failureMessages":[],"meta":{"storyId":"planx-components-findproperty--empty-form","reports":[]}},{"ancestorTitles":[],"fullName":"With Editor","status":"passed","title":"With Editor","duration":277.29999999701977,"failureMessages":[],"meta":{"storyId":"planx-components-findproperty--with-editor","reports":[]}}],"startTime":1780572847114,"endTime":1780572847674.3,"status":"passed","message":"","name":"/Users/joecarver/Repos/planx-new/apps/editor.planx.uk/src/@planx/components/FindProperty/Public/FindProperty.stories.tsx"},{"assertionResults":[{"ancestorTitles":[],"fullName":"Basic","status":"passed","title":"Basic","duration":201.79999999701977,"failureMessages":[],"meta":{"storyId":"planx-components-list--basic","reports":[]}},{"ancestorTitles":[],"fullName":"Singular Item","status":"passed","title":"Singular Item","duration":80.80000000447035,"failureMessages":[],"meta":{"storyId":"planx-components-list--singular-item","reports":[]}},{"ancestorTitles":[],"fullName":"With Editor","status":"passed","title":"With Editor","duration":232.39999999850988,"failureMessages":[],"meta":{"storyId":"planx-components-list--with-editor","reports":[]}}],"startTime":1780572823985,"endTime":1780572824500.4,"status":"passed","message":"","name":"/Users/joecarver/Repos/planx-new/apps/editor.planx.uk/src/@planx/components/List/Public/List.stories.tsx"},{"assertionResults":[{"ancestorTitles":[],"fullName":"Basic","status":"passed","title":"Basic","duration":502.69999999552965,"failureMessages":[],"meta":{"storyId":"planx-components-mapandlabel--basic","reports":[]}},{"ancestorTitles":[],"fullName":"With Editor","status":"passed","title":"With Editor","duration":300.90000000596046,"failureMessages":[],"meta":{"storyId":"planx-components-mapandlabel--with-editor","reports":[]}}],"startTime":1780572823600,"endTime":1780572824402.9,"status":"passed","message":"","name":"/Users/joecarver/Repos/planx-new/apps/editor.planx.uk/src/@planx/components/MapAndLabel/Public/MapAndLabel.stories.tsx"},{"assertionResults":[{"ancestorTitles":[],"fullName":"Basic","status":"passed","title":"Basic","duration":618.3000000044703,"failureMessages":[],"meta":{"storyId":"planx-components-pay--basic","reports":[]}},{"ancestorTitles":[],"fullName":"With Invite To Pay","status":"passed","title":"With Invite To Pay","duration":268.90000000596046,"failureMessages":[],"meta":{"storyId":"planx-components-pay--with-invite-to-pay","reports":[]}},{"ancestorTitles":[],"fullName":"For Information Only","status":"passed","title":"For Information Only","duration":69.5,"failureMessages":[],"meta":{"storyId":"planx-components-pay--for-information-only","reports":[]}},{"ancestorTitles":[],"fullName":"With Error","status":"failed","title":"With Error","duration":132.39999999850988,"failureMessages":["AssertionError: Accessibility violations:\n\n[minor] empty-heading: Ensure headings have discernible text\n    .MuiTypography-h2\n\n[moderate] heading-order: Ensure the order of headings is semantically correct\n    h4\n    at http://localhost:63315/Users/joecarver/Repos/planx-new/apps/editor.planx.uk/.storybook/vitest.setup.ts?import&browserv=1780572795609:25:16"],"meta":{"storyId":"planx-components-pay--with-error","reports":[]}}],"startTime":1780572810568,"endTime":1780572811657.4,"status":"failed","message":"","name":"/Users/joecarver/Repos/planx-new/apps/editor.planx.uk/src/@planx/components/Pay/Public/Pay.stories.tsx"},{"assertionResults":[{"ancestorTitles":[],"fullName":"All conditions","status":"passed","title":"All conditions","duration":299.1000000014901,"failureMessages":[],"meta":{"storyId":"editor-components-modal-rule-builder--all-conditions","reports":[]}},{"ancestorTitles":[],"fullName":"Disabled","status":"passed","title":"Disabled","duration":222.40000000596046,"failureMessages":[],"meta":{"storyId":"editor-components-modal-rule-builder--disabled","reports":[]}},{"ancestorTitles":[],"fullName":"Subset of conditions","status":"passed","title":"Subset of conditions","duration":92.10000000149012,"failureMessages":[],"meta":{"storyId":"editor-components-modal-rule-builder--subset-of-conditions","reports":[]}},{"ancestorTitles":[],"fullName":"With custom labels","status":"passed","title":"With custom labels","duration":181,"failureMessages":[],"meta":{"storyId":"editor-components-modal-rule-builder--with-custom-labels","reports":[]}},{"ancestorTitles":[],"fullName":"With data schema","status":"passed","title":"With data schema","duration":86.70000000298023,"failureMessages":[],"meta":{"storyId":"editor-components-modal-rule-builder--with-data-schema","reports":[]}}],"startTime":1780572841648,"endTime":1780572842529.7,"status":"passed","message":"","name":"/Users/joecarver/Repos/planx-new/apps/editor.planx.uk/src/@planx/components/shared/RuleBuilder/RuleBuilder.stories.tsx"},{"assertionResults":[{"ancestorTitles":[],"fullName":"Basic","status":"passed","title":"Basic","duration":706.2000000029802,"failureMessages":[],"meta":{"storyId":"editor-components-feedback-feedback-log--basic","reports":[]}}],"startTime":1780572832254,"endTime":1780572832960.2,"status":"passed","message":"","name":"/Users/joecarver/Repos/planx-new/apps/editor.planx.uk/src/pages/FlowEditor/components/FeedbackLog/FeedbackLog.stories.tsx"},{"assertionResults":[{"ancestorTitles":[],"fullName":"Basic","status":"passed","title":"Basic","duration":271.5,"failureMessages":[],"meta":{"storyId":"design-system-molecules-recentflows--basic","reports":[]}},{"ancestorTitles":[],"fullName":"Single Flow","status":"passed","title":"Single Flow","duration":95,"failureMessages":[],"meta":{"storyId":"design-system-molecules-recentflows--single-flow","reports":[]}}],"startTime":1780572848255,"endTime":1780572848622,"status":"passed","message":"","name":"/Users/joecarver/Repos/planx-new/apps/editor.planx.uk/src/pages/FlowEditor/components/RecentFlows/RecentFlows.stories.tsx"},{"assertionResults":[{"ancestorTitles":[],"fullName":"Basic","status":"passed","title":"Basic","duration":321.5,"failureMessages":[],"meta":{"storyId":"planx-components-pay-feebreakdown--basic","reports":[]}},{"ancestorTitles":[],"fullName":"With VAT","status":"passed","title":"With VAT","duration":262.29999999701977,"failureMessages":[],"meta":{"storyId":"planx-components-pay-feebreakdown--with-vat","reports":[]}},{"ancestorTitles":[],"fullName":"With Exemptions","status":"passed","title":"With Exemptions","duration":51.5,"failureMessages":[],"meta":{"storyId":"planx-components-pay-feebreakdown--with-exemptions","reports":[]}},{"ancestorTitles":[],"fullName":"With Reductions","status":"passed","title":"With Reductions","duration":245.70000000298023,"failureMessages":[],"meta":{"storyId":"planx-components-pay-feebreakdown--with-reductions","reports":[]}},{"ancestorTitles":[],"fullName":"With Modifications","status":"passed","title":"With Modifications","duration":56.79999999701977,"failureMessages":[],"meta":{"storyId":"planx-components-pay-feebreakdown--with-modifications","reports":[]}}],"startTime":1780572839676,"endTime":1780572840613.8,"status":"passed","message":"","name":"/Users/joecarver/Repos/planx-new/apps/editor.planx.uk/src/@planx/components/Pay/Public/FeeBreakdown/FeeBreakdown.stories.tsx"},{"assertionResults":[{"ancestorTitles":[],"fullName":"Basic","status":"passed","title":"Basic","duration":255.20000000298023,"failureMessages":[],"meta":{"storyId":"design-system-atoms-form-elements-radio-basicradio--basic","reports":[]}}],"startTime":1780572846185,"endTime":1780572846440.2,"status":"passed","message":"","name":"/Users/joecarver/Repos/planx-new/apps/editor.planx.uk/src/@planx/components/shared/Radio/BasicRadio/BasicRadio.stories.tsx"},{"assertionResults":[{"ancestorTitles":[],"fullName":"Basic","status":"passed","title":"Basic","duration":286.30000000447035,"failureMessages":[],"meta":{"storyId":"design-system-atoms-form-elements-radio-descriptionradio--basic","reports":[]}}],"startTime":1780572838620,"endTime":1780572838906.3,"status":"passed","message":"","name":"/Users/joecarver/Repos/planx-new/apps/editor.planx.uk/src/@planx/components/shared/Radio/DescriptionRadio/DescriptionRadio.stories.tsx"},{"assertionResults":[{"ancestorTitles":[],"fullName":"Basic","status":"passed","title":"Basic","duration":251.30000000447035,"failureMessages":[],"meta":{"storyId":"design-system-atoms-form-elements-radio-imageradio--basic","reports":[]}}],"startTime":1780572850301,"endTime":1780572850552.3,"status":"passed","message":"","name":"/Users/joecarver/Repos/planx-new/apps/editor.planx.uk/src/@planx/components/shared/Radio/ImageRadio/ImageRadio.stories.tsx"},{"assertionResults":[{"ancestorTitles":[],"fullName":"Basic","status":"passed","title":"Basic","duration":467,"failureMessages":[],"meta":{"storyId":"editor-components-submissions-events-log--basic","reports":[]}}],"startTime":1780572849136,"endTime":1780572849603,"status":"passed","message":"","name":"/Users/joecarver/Repos/planx-new/apps/editor.planx.uk/src/pages/FlowEditor/components/Submissions/components/EventsLogs.stories.tsx"}]}